mode: set
github.com/areYouLazy/libhosty/errors.go:31.47,33.2 1 0
github.com/areYouLazy/libhosty/errors.go:36.41,38.2 1 0
github.com/areYouLazy/libhosty/formatter.go:9.46,13.32 1 1
github.com/areYouLazy/libhosty/formatter.go:18.2,18.21 1 1
github.com/areYouLazy/libhosty/formatter.go:28.2,28.26 1 1
github.com/areYouLazy/libhosty/formatter.go:32.2,32.80 1 1
github.com/areYouLazy/libhosty/formatter.go:13.32,15.3 1 1
github.com/areYouLazy/libhosty/formatter.go:18.21,20.27 1 1
github.com/areYouLazy/libhosty/formatter.go:24.3,24.83 1 1
github.com/areYouLazy/libhosty/formatter.go:20.27,22.4 1 1
github.com/areYouLazy/libhosty/formatter.go:28.26,30.3 1 1
github.com/areYouLazy/libhosty/helper.go:4.54,7.2 2 0
github.com/areYouLazy/libhosty/helper.go:10.52,13.2 2 0
github.com/areYouLazy/libhosty/helper.go:16.53,19.2 2 0
github.com/areYouLazy/libhosty/helper.go:22.48,25.2 2 0
github.com/areYouLazy/libhosty/libhosty.go:103.58,107.17 3 0
github.com/areYouLazy/libhosty/libhosty.go:114.2,124.16 3 0
github.com/areYouLazy/libhosty/libhosty.go:129.2,129.16 1 0
github.com/areYouLazy/libhosty/libhosty.go:107.17,109.3 1 0
github.com/areYouLazy/libhosty/libhosty.go:109.8,111.3 1 0
github.com/areYouLazy/libhosty/libhosty.go:124.16,126.3 1 0
github.com/areYouLazy/libhosty/libhosty.go:133.33,136.16 2 0
github.com/areYouLazy/libhosty/libhosty.go:141.2,151.16 3 0
github.com/areYouLazy/libhosty/libhosty.go:156.2,156.16 1 0
github.com/areYouLazy/libhosty/libhosty.go:136.16,138.3 1 0
github.com/areYouLazy/libhosty/libhosty.go:151.16,153.3 1 0
github.com/areYouLazy/libhosty/libhosty.go:162.56,168.19 2 0
github.com/areYouLazy/libhosty/libhosty.go:217.2,217.16 1 0
github.com/areYouLazy/libhosty/libhosty.go:168.19,172.3 1 0
github.com/areYouLazy/libhosty/libhosty.go:172.8,173.23 1 0
github.com/areYouLazy/libhosty/libhosty.go:200.3,200.32 1 0
github.com/areYouLazy/libhosty/libhosty.go:174.18,177.5 1 0
github.com/areYouLazy/libhosty/libhosty.go:178.16,181.5 1 0
github.com/areYouLazy/libhosty/libhosty.go:182.17,185.5 1 0
github.com/areYouLazy/libhosty/libhosty.go:186.11,191.15 3 0
github.com/areYouLazy/libhosty/libhosty.go:191.15,193.5 1 0
github.com/areYouLazy/libhosty/libhosty.go:193.10,196.5 2 0
github.com/areYouLazy/libhosty/libhosty.go:200.32,204.4 1 0
github.com/areYouLazy/libhosty/libhosty.go:204.9,204.37 1 0
github.com/areYouLazy/libhosty/libhosty.go:204.37,208.4 1 0
github.com/areYouLazy/libhosty/libhosty.go:208.9,208.38 1 0
github.com/areYouLazy/libhosty/libhosty.go:208.38,212.4 1 0
github.com/areYouLazy/libhosty/libhosty.go:212.9,214.4 1 0
github.com/areYouLazy/libhosty/libhosty.go:221.67,223.2 1 0
github.com/areYouLazy/libhosty/libhosty.go:226.75,227.36 1 0
github.com/areYouLazy/libhosty/libhosty.go:233.2,233.16 1 0
github.com/areYouLazy/libhosty/libhosty.go:227.36,228.54 1 0
github.com/areYouLazy/libhosty/libhosty.go:228.54,230.4 1 0
github.com/areYouLazy/libhosty/libhosty.go:237.85,240.2 2 0
github.com/areYouLazy/libhosty/libhosty.go:243.87,244.36 1 0
github.com/areYouLazy/libhosty/libhosty.go:252.2,252.16 1 0
github.com/areYouLazy/libhosty/libhosty.go:244.36,245.54 1 0
github.com/areYouLazy/libhosty/libhosty.go:245.54,246.22 1 0
github.com/areYouLazy/libhosty/libhosty.go:246.22,248.5 1 0
github.com/areYouLazy/libhosty/libhosty.go:256.46,261.37 2 0
github.com/areYouLazy/libhosty/libhosty.go:267.2,267.40 1 0
github.com/areYouLazy/libhosty/libhosty.go:261.37,263.3 1 0
github.com/areYouLazy/libhosty/libhosty.go:271.57,273.41 1 0
github.com/areYouLazy/libhosty/libhosty.go:279.2,279.11 1 0
github.com/areYouLazy/libhosty/libhosty.go:273.41,274.17 1 0
github.com/areYouLazy/libhosty/libhosty.go:274.17,276.4 1 0
github.com/areYouLazy/libhosty/libhosty.go:284.43,286.2 1 0
github.com/areYouLazy/libhosty/libhosty.go:290.56,296.16 3 0
github.com/areYouLazy/libhosty/libhosty.go:300.2,300.12 1 0
github.com/areYouLazy/libhosty/libhosty.go:296.16,298.3 1 0
github.com/areYouLazy/libhosty/libhosty.go:304.40,309.33 3 0
github.com/areYouLazy/libhosty/libhosty.go:309.33,311.3 1 0
github.com/areYouLazy/libhosty/libhosty.go:317.76,318.41 1 0
github.com/areYouLazy/libhosty/libhosty.go:326.2,326.37 1 0
github.com/areYouLazy/libhosty/libhosty.go:318.41,319.36 1 0
github.com/areYouLazy/libhosty/libhosty.go:319.36,320.22 1 0
github.com/areYouLazy/libhosty/libhosty.go:320.22,322.5 1 0
github.com/areYouLazy/libhosty/libhosty.go:332.93,339.15 3 0
github.com/areYouLazy/libhosty/libhosty.go:360.2,360.48 1 0
github.com/areYouLazy/libhosty/libhosty.go:339.15,357.3 4 0
github.com/areYouLazy/libhosty/libhosty.go:366.90,373.15 3 0
github.com/areYouLazy/libhosty/libhosty.go:444.2,444.48 1 0
github.com/areYouLazy/libhosty/libhosty.go:373.15,375.65 1 0
github.com/areYouLazy/libhosty/libhosty.go:404.3,404.42 1 0
github.com/areYouLazy/libhosty/libhosty.go:422.3,440.42 5 0
github.com/areYouLazy/libhosty/libhosty.go:375.65,377.30 1 0
github.com/areYouLazy/libhosty/libhosty.go:387.4,387.61 1 0
github.com/areYouLazy/libhosty/libhosty.go:377.30,379.22 1 0
github.com/areYouLazy/libhosty/libhosty.go:383.5,383.44 1 0
github.com/areYouLazy/libhosty/libhosty.go:379.22,382.6 1 0
github.com/areYouLazy/libhosty/libhosty.go:387.61,388.23 1 0
github.com/areYouLazy/libhosty/libhosty.go:388.23,389.50 1 0
github.com/areYouLazy/libhosty/libhosty.go:396.6,396.51 1 0
github.com/areYouLazy/libhosty/libhosty.go:389.50,393.7 3 0
github.com/areYouLazy/libhosty/libhosty.go:396.51,398.7 1 0
github.com/areYouLazy/libhosty/libhosty.go:404.42,405.37 1 0
github.com/areYouLazy/libhosty/libhosty.go:405.37,411.22 4 0
github.com/areYouLazy/libhosty/libhosty.go:417.5,417.44 1 0
github.com/areYouLazy/libhosty/libhosty.go:411.22,414.6 1 0
github.com/areYouLazy/libhosty/libhosty.go:450.77,464.2 7 0
github.com/areYouLazy/libhosty/libhosty.go:469.61,482.2 7 0
github.com/areYouLazy/libhosty/libhosty.go:485.49,489.34 3 0
github.com/areYouLazy/libhosty/libhosty.go:502.2,502.19 1 0
github.com/areYouLazy/libhosty/libhosty.go:489.34,490.52 1 0
github.com/areYouLazy/libhosty/libhosty.go:499.3,499.29 1 0
github.com/areYouLazy/libhosty/libhosty.go:490.52,491.49 1 0
github.com/areYouLazy/libhosty/libhosty.go:496.4,496.33 1 0
github.com/areYouLazy/libhosty/libhosty.go:491.49,494.5 2 0
github.com/areYouLazy/libhosty/libhosty.go:506.50,510.41 3 0
github.com/areYouLazy/libhosty/libhosty.go:523.2,523.19 1 0
github.com/areYouLazy/libhosty/libhosty.go:510.41,511.36 1 0
github.com/areYouLazy/libhosty/libhosty.go:520.3,520.28 1 0
github.com/areYouLazy/libhosty/libhosty.go:511.36,512.49 1 0
github.com/areYouLazy/libhosty/libhosty.go:517.4,517.33 1 0
github.com/areYouLazy/libhosty/libhosty.go:512.49,515.5 2 0
github.com/areYouLazy/libhosty/libhosty.go:527.60,531.2 2 0
github.com/areYouLazy/libhosty/libhosty.go:534.62,538.36 3 0
github.com/areYouLazy/libhosty/libhosty.go:553.2,553.19 1 0
github.com/areYouLazy/libhosty/libhosty.go:538.36,539.54 1 0
github.com/areYouLazy/libhosty/libhosty.go:550.3,550.29 1 0
github.com/areYouLazy/libhosty/libhosty.go:539.54,540.22 1 0
github.com/areYouLazy/libhosty/libhosty.go:540.22,541.50 1 0
github.com/areYouLazy/libhosty/libhosty.go:546.5,546.34 1 0
github.com/areYouLazy/libhosty/libhosty.go:541.50,544.6 2 0
github.com/areYouLazy/libhosty/libhosty.go:557.51,561.34 3 0
github.com/areYouLazy/libhosty/libhosty.go:574.2,574.19 1 0
github.com/areYouLazy/libhosty/libhosty.go:561.34,562.52 1 0
github.com/areYouLazy/libhosty/libhosty.go:571.3,571.29 1 0
github.com/areYouLazy/libhosty/libhosty.go:562.52,563.50 1 0
github.com/areYouLazy/libhosty/libhosty.go:568.4,568.35 1 0
github.com/areYouLazy/libhosty/libhosty.go:563.50,566.5 2 0
github.com/areYouLazy/libhosty/libhosty.go:578.52,582.41 3 0
github.com/areYouLazy/libhosty/libhosty.go:595.2,595.19 1 0
github.com/areYouLazy/libhosty/libhosty.go:582.41,583.36 1 0
github.com/areYouLazy/libhosty/libhosty.go:592.3,592.29 1 0
github.com/areYouLazy/libhosty/libhosty.go:583.36,584.50 1 0
github.com/areYouLazy/libhosty/libhosty.go:589.4,589.35 1 0
github.com/areYouLazy/libhosty/libhosty.go:584.50,587.5 2 0
github.com/areYouLazy/libhosty/libhosty.go:599.62,603.2 2 0
github.com/areYouLazy/libhosty/libhosty.go:606.64,610.36 3 0
github.com/areYouLazy/libhosty/libhosty.go:625.2,625.19 1 0
github.com/areYouLazy/libhosty/libhosty.go:610.36,611.54 1 0
github.com/areYouLazy/libhosty/libhosty.go:622.3,622.29 1 0
github.com/areYouLazy/libhosty/libhosty.go:611.54,612.22 1 0
github.com/areYouLazy/libhosty/libhosty.go:612.22,613.51 1 0
github.com/areYouLazy/libhosty/libhosty.go:618.5,618.36 1 0
github.com/areYouLazy/libhosty/libhosty.go:613.51,616.6 2 0
github.com/areYouLazy/libhosty/parser.go:11.59,13.16 2 1
github.com/areYouLazy/libhosty/parser.go:17.2,17.25 1 1
github.com/areYouLazy/libhosty/parser.go:13.16,15.3 1 1
github.com/areYouLazy/libhosty/parser.go:22.73,25.2 2 1
github.com/areYouLazy/libhosty/parser.go:27.56,33.30 4 1
github.com/areYouLazy/libhosty/parser.go:103.2,103.28 1 1
github.com/areYouLazy/libhosty/parser.go:33.30,42.27 5 1
github.com/areYouLazy/libhosty/parser.go:48.3,48.45 1 1
github.com/areYouLazy/libhosty/parser.go:79.3,80.28 2 1
github.com/areYouLazy/libhosty/parser.go:85.3,88.29 3 1
github.com/areYouLazy/libhosty/parser.go:100.3,100.33 1 1
github.com/areYouLazy/libhosty/parser.go:42.27,44.12 2 1
github.com/areYouLazy/libhosty/parser.go:48.45,56.25 3 1
github.com/areYouLazy/libhosty/parser.go:73.4,74.34 2 1
github.com/areYouLazy/libhosty/parser.go:57.11,60.13 2 1
github.com/areYouLazy/libhosty/parser.go:61.12,66.23 2 1
github.com/areYouLazy/libhosty/parser.go:66.23,68.14 2 1
github.com/areYouLazy/libhosty/parser.go:80.28,83.4 1 1
github.com/areYouLazy/libhosty/parser.go:88.29,92.40 3 1
github.com/areYouLazy/libhosty/parser.go:96.4,96.12 1 1
github.com/areYouLazy/libhosty/parser.go:92.40,94.5 1 1
