mode: set
github.com/areYouLazy/libhosty/helper.go:4.54,7.2 2 0
github.com/areYouLazy/libhosty/helper.go:10.52,13.2 2 0
github.com/areYouLazy/libhosty/helper.go:16.53,19.2 2 0
github.com/areYouLazy/libhosty/helper.go:22.48,25.2 2 0
github.com/areYouLazy/libhosty/libhosty.go:97.58,101.17 3 1
github.com/areYouLazy/libhosty/libhosty.go:108.2,118.16 3 1
github.com/areYouLazy/libhosty/libhosty.go:123.2,123.16 1 1
github.com/areYouLazy/libhosty/libhosty.go:101.17,103.3 1 1
github.com/areYouLazy/libhosty/libhosty.go:103.8,105.3 1 1
github.com/areYouLazy/libhosty/libhosty.go:118.16,120.3 1 0
github.com/areYouLazy/libhosty/libhosty.go:127.33,130.16 2 1
github.com/areYouLazy/libhosty/libhosty.go:135.2,145.16 3 1
github.com/areYouLazy/libhosty/libhosty.go:150.2,150.16 1 1
github.com/areYouLazy/libhosty/libhosty.go:130.16,132.3 1 0
github.com/areYouLazy/libhosty/libhosty.go:145.16,147.3 1 0
github.com/areYouLazy/libhosty/libhosty.go:156.56,161.47 2 1
github.com/areYouLazy/libhosty/libhosty.go:182.2,182.16 1 1
github.com/areYouLazy/libhosty/libhosty.go:161.47,163.18 1 0
github.com/areYouLazy/libhosty/libhosty.go:163.18,167.4 1 0
github.com/areYouLazy/libhosty/libhosty.go:168.8,170.23 1 1
github.com/areYouLazy/libhosty/libhosty.go:171.18,174.5 1 0
github.com/areYouLazy/libhosty/libhosty.go:175.11,178.5 1 1
github.com/areYouLazy/libhosty/libhosty.go:186.67,188.2 1 1
github.com/areYouLazy/libhosty/libhosty.go:191.75,192.15 1 1
github.com/areYouLazy/libhosty/libhosty.go:196.2,196.36 1 1
github.com/areYouLazy/libhosty/libhosty.go:202.2,202.16 1 0
github.com/areYouLazy/libhosty/libhosty.go:192.15,194.3 1 1
github.com/areYouLazy/libhosty/libhosty.go:196.36,197.54 1 1
github.com/areYouLazy/libhosty/libhosty.go:197.54,199.4 1 1
github.com/areYouLazy/libhosty/libhosty.go:206.85,209.2 2 1
github.com/areYouLazy/libhosty/libhosty.go:212.87,213.36 1 1
github.com/areYouLazy/libhosty/libhosty.go:221.2,221.16 1 0
github.com/areYouLazy/libhosty/libhosty.go:213.36,214.54 1 1
github.com/areYouLazy/libhosty/libhosty.go:214.54,215.22 1 1
github.com/areYouLazy/libhosty/libhosty.go:215.22,217.5 1 1
github.com/areYouLazy/libhosty/libhosty.go:225.46,230.37 2 0
github.com/areYouLazy/libhosty/libhosty.go:236.2,236.40 1 0
github.com/areYouLazy/libhosty/libhosty.go:230.37,232.3 1 0
github.com/areYouLazy/libhosty/libhosty.go:240.57,242.41 1 0
github.com/areYouLazy/libhosty/libhosty.go:248.2,248.11 1 0
github.com/areYouLazy/libhosty/libhosty.go:242.41,243.17 1 0
github.com/areYouLazy/libhosty/libhosty.go:243.17,245.4 1 0
github.com/areYouLazy/libhosty/libhosty.go:253.43,255.2 1 0
github.com/areYouLazy/libhosty/libhosty.go:259.56,265.16 3 0
github.com/areYouLazy/libhosty/libhosty.go:269.2,269.12 1 0
github.com/areYouLazy/libhosty/libhosty.go:265.16,267.3 1 0
github.com/areYouLazy/libhosty/libhosty.go:273.40,278.33 3 0
github.com/areYouLazy/libhosty/libhosty.go:278.33,280.3 1 0
github.com/areYouLazy/libhosty/libhosty.go:286.76,287.41 1 1
github.com/areYouLazy/libhosty/libhosty.go:295.2,295.37 1 1
github.com/areYouLazy/libhosty/libhosty.go:287.41,288.36 1 1
github.com/areYouLazy/libhosty/libhosty.go:288.36,289.22 1 1
github.com/areYouLazy/libhosty/libhosty.go:289.22,291.5 1 0
github.com/areYouLazy/libhosty/libhosty.go:301.93,308.15 3 1
github.com/areYouLazy/libhosty/libhosty.go:329.2,329.48 1 0
github.com/areYouLazy/libhosty/libhosty.go:308.15,326.3 4 1
github.com/areYouLazy/libhosty/libhosty.go:335.90,342.15 3 1
github.com/areYouLazy/libhosty/libhosty.go:413.2,413.48 1 0
github.com/areYouLazy/libhosty/libhosty.go:342.15,344.65 1 1
github.com/areYouLazy/libhosty/libhosty.go:373.3,373.42 1 1
github.com/areYouLazy/libhosty/libhosty.go:391.3,409.42 5 0
github.com/areYouLazy/libhosty/libhosty.go:344.65,346.30 1 0
github.com/areYouLazy/libhosty/libhosty.go:356.4,356.61 1 0
github.com/areYouLazy/libhosty/libhosty.go:346.30,348.22 1 0
github.com/areYouLazy/libhosty/libhosty.go:352.5,352.44 1 0
github.com/areYouLazy/libhosty/libhosty.go:348.22,351.6 1 0
github.com/areYouLazy/libhosty/libhosty.go:356.61,357.23 1 0
github.com/areYouLazy/libhosty/libhosty.go:357.23,358.50 1 0
github.com/areYouLazy/libhosty/libhosty.go:365.6,365.51 1 0
github.com/areYouLazy/libhosty/libhosty.go:358.50,362.7 3 0
github.com/areYouLazy/libhosty/libhosty.go:365.51,367.7 1 0
github.com/areYouLazy/libhosty/libhosty.go:373.42,374.37 1 1
github.com/areYouLazy/libhosty/libhosty.go:374.37,380.22 4 1
github.com/areYouLazy/libhosty/libhosty.go:386.5,386.44 1 1
github.com/areYouLazy/libhosty/libhosty.go:380.22,383.6 1 1
github.com/areYouLazy/libhosty/libhosty.go:419.77,433.2 7 1
github.com/areYouLazy/libhosty/libhosty.go:438.61,451.2 7 1
github.com/areYouLazy/libhosty/libhosty.go:454.49,458.34 3 0
github.com/areYouLazy/libhosty/libhosty.go:471.2,471.19 1 0
github.com/areYouLazy/libhosty/libhosty.go:458.34,459.52 1 0
github.com/areYouLazy/libhosty/libhosty.go:468.3,468.29 1 0
github.com/areYouLazy/libhosty/libhosty.go:459.52,460.42 1 0
github.com/areYouLazy/libhosty/libhosty.go:465.4,465.33 1 0
github.com/areYouLazy/libhosty/libhosty.go:460.42,463.5 2 0
github.com/areYouLazy/libhosty/libhosty.go:475.50,479.41 3 0
github.com/areYouLazy/libhosty/libhosty.go:490.2,490.27 1 0
github.com/areYouLazy/libhosty/libhosty.go:479.41,480.36 1 0
github.com/areYouLazy/libhosty/libhosty.go:480.36,481.42 1 0
github.com/areYouLazy/libhosty/libhosty.go:486.4,486.33 1 0
github.com/areYouLazy/libhosty/libhosty.go:481.42,484.5 2 0
github.com/areYouLazy/libhosty/libhosty.go:494.60,498.2 2 0
github.com/areYouLazy/libhosty/libhosty.go:501.62,505.36 3 0
github.com/areYouLazy/libhosty/libhosty.go:518.2,518.28 1 0
github.com/areYouLazy/libhosty/libhosty.go:505.36,506.54 1 0
github.com/areYouLazy/libhosty/libhosty.go:506.54,507.22 1 0
github.com/areYouLazy/libhosty/libhosty.go:507.22,508.43 1 0
github.com/areYouLazy/libhosty/libhosty.go:513.5,513.34 1 0
github.com/areYouLazy/libhosty/libhosty.go:508.43,511.6 2 0
github.com/areYouLazy/libhosty/libhosty.go:522.51,526.34 3 0
github.com/areYouLazy/libhosty/libhosty.go:539.2,539.19 1 0
github.com/areYouLazy/libhosty/libhosty.go:526.34,527.52 1 0
github.com/areYouLazy/libhosty/libhosty.go:536.3,536.29 1 0
github.com/areYouLazy/libhosty/libhosty.go:527.52,528.41 1 0
github.com/areYouLazy/libhosty/libhosty.go:533.4,533.35 1 0
github.com/areYouLazy/libhosty/libhosty.go:528.41,531.5 2 0
github.com/areYouLazy/libhosty/libhosty.go:543.52,547.41 3 0
github.com/areYouLazy/libhosty/libhosty.go:558.2,558.28 1 0
github.com/areYouLazy/libhosty/libhosty.go:547.41,548.36 1 0
github.com/areYouLazy/libhosty/libhosty.go:548.36,549.41 1 0
github.com/areYouLazy/libhosty/libhosty.go:554.4,554.35 1 0
github.com/areYouLazy/libhosty/libhosty.go:549.41,552.5 2 0
github.com/areYouLazy/libhosty/libhosty.go:562.62,566.2 2 0
github.com/areYouLazy/libhosty/libhosty.go:569.64,573.36 3 0
github.com/areYouLazy/libhosty/libhosty.go:586.2,586.28 1 0
github.com/areYouLazy/libhosty/libhosty.go:573.36,574.54 1 0
github.com/areYouLazy/libhosty/libhosty.go:574.54,575.22 1 0
github.com/areYouLazy/libhosty/libhosty.go:575.22,576.42 1 0
github.com/areYouLazy/libhosty/libhosty.go:581.5,581.36 1 0
github.com/areYouLazy/libhosty/libhosty.go:576.42,579.6 2 0
github.com/areYouLazy/libhosty/parser.go:11.59,13.16 2 1
github.com/areYouLazy/libhosty/parser.go:17.2,17.25 1 1
github.com/areYouLazy/libhosty/parser.go:13.16,15.3 1 1
github.com/areYouLazy/libhosty/parser.go:22.73,25.2 2 1
github.com/areYouLazy/libhosty/parser.go:27.56,33.30 4 1
github.com/areYouLazy/libhosty/parser.go:103.2,103.28 1 1
github.com/areYouLazy/libhosty/parser.go:33.30,42.27 5 1
github.com/areYouLazy/libhosty/parser.go:48.3,48.45 1 1
github.com/areYouLazy/libhosty/parser.go:79.3,80.28 2 1
github.com/areYouLazy/libhosty/parser.go:85.3,88.29 3 1
github.com/areYouLazy/libhosty/parser.go:100.3,100.33 1 1
github.com/areYouLazy/libhosty/parser.go:42.27,44.12 2 1
github.com/areYouLazy/libhosty/parser.go:48.45,56.25 3 1
github.com/areYouLazy/libhosty/parser.go:73.4,74.34 2 1
github.com/areYouLazy/libhosty/parser.go:57.11,60.13 2 1
github.com/areYouLazy/libhosty/parser.go:61.12,66.23 2 1
github.com/areYouLazy/libhosty/parser.go:66.23,68.14 2 1
github.com/areYouLazy/libhosty/parser.go:80.28,83.4 1 1
github.com/areYouLazy/libhosty/parser.go:88.29,92.40 3 1
github.com/areYouLazy/libhosty/parser.go:96.4,96.12 1 1
github.com/areYouLazy/libhosty/parser.go:92.40,94.5 1 1
github.com/areYouLazy/libhosty/errors.go:31.47,33.2 1 0
github.com/areYouLazy/libhosty/errors.go:36.41,38.2 1 0
github.com/areYouLazy/libhosty/formatter.go:9.46,13.32 1 1
github.com/areYouLazy/libhosty/formatter.go:18.2,18.21 1 1
github.com/areYouLazy/libhosty/formatter.go:28.2,28.26 1 1
github.com/areYouLazy/libhosty/formatter.go:32.2,32.80 1 1
github.com/areYouLazy/libhosty/formatter.go:13.32,15.3 1 1
github.com/areYouLazy/libhosty/formatter.go:18.21,20.27 1 1
github.com/areYouLazy/libhosty/formatter.go:24.3,24.83 1 1
github.com/areYouLazy/libhosty/formatter.go:20.27,22.4 1 1
github.com/areYouLazy/libhosty/formatter.go:28.26,30.3 1 1
